c:\users\brand\source\repos\cs260\cs260\x64\debug\vc143.pdb
c:\users\brand\source\repos\cs260\cs260\x64\debug\vc143.idb
c:\users\brand\source\repos\cs260\cs260\x64\debug\cs260.obj
c:\users\brand\source\repos\cs260\cs260\x64\debug\csvparser.obj
c:\users\brand\source\repos\cs260\cs260\x64\debug\binarysearchtree.obj
c:\users\brand\source\repos\cs260\x64\debug\cs260.exe
c:\users\brand\source\repos\cs260\cs260\x64\debug\cs260.ilk
c:\users\brand\source\repos\cs260\x64\debug\cs260.pdb
c:\users\brand\documents\snhu class files\cs-499 capstone\cs260\cs260\x64\debug\binarysearchtree.obj
c:\users\brand\documents\snhu class files\cs-499 capstone\cs260\cs260\x64\debug\cs260.obj
c:\users\brand\documents\snhu class files\cs-499 capstone\cs260\cs260\x64\debug\csvparser.obj
c:\users\brand\documents\snhu class files\cs-499 capstone\cs260\cs260\x64\debug\cs260.ilk
c:\users\brand\documents\snhu class files\cs-499 capstone\cs260\cs260\x64\debug\vc143.idb
c:\users\brand\documents\snhu class files\cs-499 capstone\cs260\cs260\x64\debug\vc143.pdb
c:\users\brand\documents\snhu class files\cs-499 capstone\cs260\x64\debug\cs260.pdb
c:\users\brand\documents\snhu class files\cs-499 capstone\cs260\x64\debug\cs260.exe
c:\users\brand\documents\snhu class files\cs-499 capstone\cs260\cs260\x64\debug\cs260.tlog\cl.command.1.tlog
c:\users\brand\documents\snhu class files\cs-499 capstone\cs260\cs260\x64\debug\cs260.tlog\cl.read.1.tlog
c:\users\brand\documents\snhu class files\cs-499 capstone\cs260\cs260\x64\debug\cs260.tlog\cl.write.1.tlog
c:\users\brand\documents\snhu class files\cs-499 capstone\cs260\cs260\x64\debug\cs260.tlog\link.command.1.tlog
c:\users\brand\documents\snhu class files\cs-499 capstone\cs260\cs260\x64\debug\cs260.tlog\link.read.1.tlog
c:\users\brand\documents\snhu class files\cs-499 capstone\cs260\cs260\x64\debug\cs260.tlog\link.write.1.tlog
